## ComfyUI-Manager: installing dependencies done.
[2024-06-28 02:58] ** ComfyUI startup time: 2024-06-28 02:58:16.173500
[2024-06-28 02:58] ** Platform: Darwin
[2024-06-28 02:58] ** Python version: 3.11.7 (main, Dec 15 2023, 12:09:56) [Clang 14.0.6 ]
[2024-06-28 02:58] ** Python executable: /opt/anaconda3/bin/python
[2024-06-28 02:58] ** ComfyUI Path: /Users/asakpal/ComfyUI/main.py
[2024-06-28 02:58] ** Log path: /Users/asakpal/ComfyUI/comfyui.log
[2024-06-28 02:58] 
Prestartup times for custom nodes:
[2024-06-28 02:58]    3.3 seconds: /Users/asakpal/ComfyUI/custom_nodes/ComfyUI-Manager
[2024-06-28 02:58] 
Total VRAM 32768 MB, total RAM 32768 MB
[2024-06-28 02:58] pytorch version: 2.5.0.dev20240613
[2024-06-28 02:58] Set vram state to: SHARED
[2024-06-28 02:58] Device: mps
[2024-06-28 02:58] /opt/anaconda3/lib/python3.11/site-packages/torchvision/io/image.py:13: UserWarning: Failed to load image Python extension: 'dlopen(/opt/anaconda3/lib/python3.11/site-packages/torchvision/image.so, 0x0006): Symbol not found: __ZN3c1017RegisterOperatorsD1Ev
  Referenced from: <CFED5F8E-EC3F-36FD-AAA3-2C6C7F8D3DD9> /opt/anaconda3/lib/python3.11/site-packages/torchvision/image.so
  Expected in:     <DD331F32-AFC8-3339-B3D0-A55F0067D44D> /opt/anaconda3/lib/python3.11/site-packages/torch/lib/libtorch_cpu.dylib'If you don't plan on using image functionality from `torchvision.io`, you can ignore this warning. Otherwise, there might be something wrong with your environment. Did you have `libjpeg` or `libpng` installed before building `torchvision` from source?
  warn(
[2024-06-28 02:58] Using sub quadratic optimization for cross attention, if you have memory or speed issues try using: --use-split-cross-attention
[2024-06-28 02:58] /opt/anaconda3/lib/python3.11/site-packages/kornia/feature/lightglue.py:44: FutureWarning: `torch.cuda.amp.custom_fwd(args...)` is deprecated. Please use `torch.amp.custom_fwd(args..., device_type='cuda')` instead.
  @torch.cuda.amp.custom_fwd(cast_inputs=torch.float32)
[2024-06-28 02:58] ### Loading: ComfyUI-Manager (V2.43)
[2024-06-28 02:58] ### ComfyUI Revision: 2303 [0d9009c9] | Released on '2024-06-28'
[2024-06-28 02:58] [ComfyUI-Manager] default cache updated: https://raw.githubusercontent.com/ltdrdata/ComfyUI-Manager/main/alter-list.json
[2024-06-28 02:58] [ComfyUI-Manager] default cache updated: https://raw.githubusercontent.com/ltdrdata/ComfyUI-Manager/main/model-list.json
[2024-06-28 02:58] [ComfyUI-Manager] default cache updated: https://raw.githubusercontent.com/ltdrdata/ComfyUI-Manager/main/github-stats.json
[2024-06-28 02:58] [ComfyUI-Manager] default cache updated: https://raw.githubusercontent.com/ltdrdata/ComfyUI-Manager/main/custom-node-list.json
[2024-06-28 02:58] [ComfyUI-Manager] default cache updated: https://raw.githubusercontent.com/ltdrdata/ComfyUI-Manager/main/extension-node-map.json
[2024-06-28 02:58] ------------------------------------------
[2024-06-28 02:58] [34mComfyroll Studio v1.76 : [92m 175 Nodes Loaded[0m
[2024-06-28 02:58] ------------------------------------------
[2024-06-28 02:58] ** For changes, please see patch notes at https://github.com/Suzie1/ComfyUI_Comfyroll_CustomNodes/blob/main/Patch_Notes.md
[2024-06-28 02:58] ** For help, please see the wiki at https://github.com/Suzie1/ComfyUI_Comfyroll_CustomNodes/wiki
[2024-06-28 02:58] ------------------------------------------
[2024-06-28 02:58] 
Import times for custom nodes:
[2024-06-28 02:58]    0.0 seconds: /Users/asakpal/ComfyUI/custom_nodes/websocket_image_save.py
[2024-06-28 02:58]    0.0 seconds: /Users/asakpal/ComfyUI/custom_nodes/ComfyMath
[2024-06-28 02:58]    0.4 seconds: /Users/asakpal/ComfyUI/custom_nodes/ComfyUI-Manager
[2024-06-28 02:58]    0.5 seconds: /Users/asakpal/ComfyUI/custom_nodes/ComfyUI_Comfyroll_CustomNodes
[2024-06-28 02:58]    0.6 seconds: /Users/asakpal/ComfyUI/custom_nodes/ComfyUI-VideoHelperSuite
[2024-06-28 02:58] 
[2024-06-28 02:58] Starting server

[2024-06-28 02:58] To see the GUI go to: http://127.0.0.1:8188
[2024-06-28 02:58] FETCH DATA from: /Users/asakpal/ComfyUI/custom_nodes/ComfyUI-Manager/extension-node-map.json [DONE]
[2024-06-28 03:00] FETCH DATA from: /Users/asakpal/ComfyUI/custom_nodes/ComfyUI-Manager/extension-node-map.json [DONE]
[2024-06-28 03:00] 
Stopped server
